{
  "feature": {
    "uri": "feature1.feature",
    "description": "登录测试",
    "keyword": "功能",
    "name": "登录测试",
    "line": 2,
    "id": "登录测试",
    "tags": []
  }
}{
  "scenario": {
    "uri": "feature1.feature",
    "id": "登录测试;打开首页,并登录",
    "keyword": "场景",
    "line": 13,
    "name": "打开首页,并登录",
    "tags": [],
    "type": "scenario",
    "result": {
      "duration": 20965,
      "status": "passed"
    },
    "steps": [
      {
        "keyword": "Before",
        "hidden": true,
        "match": {
          "location": "support\\hooks.js:8"
        },
        "result": {
          "status": "passed"
        }
      },
      {
        "arguments": [],
        "keyword": "假如",
        "line": 6,
        "name": "浏览到网站 \"http://uliancloudtest.uovcloud.com/index.html\"",
        "match": {
          "location": "step_definitions\\loginTest.js:7"
        },
        "result": {
          "status": "passed",
          "duration": 13237000000
        }
      },
      {
        "arguments": [],
        "keyword": "当",
        "line": 7,
        "name": "在登录名一栏输入\"uovision020@163.com\"并点击其他位置",
        "match": {
          "location": "step_definitions\\loginTest.js:13"
        },
        "result": {
          "status": "passed",
          "duration": 785000000
        }
      },
      {
        "arguments": [],
        "keyword": "而且",
        "line": 8,
        "name": "在密码处，输入\"uovisiontest123\"并点击其他位置",
        "match": {
          "location": "step_definitions\\loginTest.js:17"
        },
        "result": {
          "status": "passed",
          "duration": 481000000
        }
      },
      {
        "arguments": [],
        "keyword": "而且",
        "line": 9,
        "name": "点击登录按钮",
        "match": {
          "location": "step_definitions\\loginTest.js:21"
        },
        "result": {
          "status": "passed",
          "duration": 156000000
        }
      },
      {
        "arguments": [],
        "keyword": "* ",
        "line": 10,
        "name": "当前状态码为\"200\"弹出的提示信息\"\"",
        "match": {
          "location": "step_definitions\\loginTest.js:26"
        },
        "result": {
          "status": "passed"
        }
      },
      {
        "keyword": "After",
        "hidden": true,
        "match": {
          "location": "support\\hooks.js:12"
        },
        "result": {
          "status": "passed",
          "duration": 6306000000
        },
        "embeddings": [
          {
            "data": "file://中云测试_2019-08-24_report/1.png",
            "mime_type": "image/png"
          }
        ]
      }
    ]
  }
}{
  "scenario": {
    "uri": "feature1.feature",
    "id": "登录测试;打开首页,并登录",
    "keyword": "场景",
    "line": 14,
    "name": "打开首页,并登录",
    "tags": [],
    "type": "scenario",
    "result": {
      "duration": 2868,
      "status": "passed"
    },
    "steps": [
      {
        "keyword": "Before",
        "hidden": true,
        "match": {
          "location": "support\\hooks.js:8"
        },
        "result": {
          "status": "passed"
        }
      },
      {
        "arguments": [],
        "keyword": "假如",
        "line": 6,
        "name": "浏览到网站 \"http://uliancloudtest.uovcloud.com/index.html\"",
        "match": {
          "location": "step_definitions\\loginTest.js:7"
        },
        "result": {
          "status": "passed",
          "duration": 661000000
        }
      },
      {
        "arguments": [],
        "keyword": "当",
        "line": 7,
        "name": "在登录名一栏输入\"uovision020@163.com\"并点击其他位置",
        "match": {
          "location": "step_definitions\\loginTest.js:13"
        },
        "result": {
          "status": "passed",
          "duration": 403000000
        }
      },
      {
        "arguments": [],
        "keyword": "而且",
        "line": 8,
        "name": "在密码处，输入\"321\"并点击其他位置",
        "match": {
          "location": "step_definitions\\loginTest.js:17"
        },
        "result": {
          "status": "passed",
          "duration": 131000000
        }
      },
      {
        "arguments": [],
        "keyword": "而且",
        "line": 9,
        "name": "点击登录按钮",
        "match": {
          "location": "step_definitions\\loginTest.js:21"
        },
        "result": {
          "status": "passed",
          "duration": 85000000
        }
      },
      {
        "arguments": [],
        "keyword": "* ",
        "line": 10,
        "name": "当前状态码为\"400\"弹出的提示信息\"Invalid username/email or password.\"",
        "match": {
          "location": "step_definitions\\loginTest.js:26"
        },
        "result": {
          "status": "passed",
          "duration": 2000000
        }
      },
      {
        "keyword": "After",
        "hidden": true,
        "match": {
          "location": "support\\hooks.js:12"
        },
        "result": {
          "status": "passed",
          "duration": 1586000000
        },
        "embeddings": [
          {
            "data": "file://中云测试_2019-08-24_report/2.png",
            "mime_type": "image/png"
          }
        ]
      }
    ]
  }
}{
  "scenario": {
    "uri": "feature1.feature",
    "id": "登录测试;打开首页,并登录",
    "keyword": "场景",
    "line": 15,
    "name": "打开首页,并登录",
    "tags": [],
    "type": "scenario",
    "result": {
      "duration": 1693,
      "status": "passed"
    },
    "steps": [
      {
        "keyword": "Before",
        "hidden": true,
        "match": {
          "location": "support\\hooks.js:8"
        },
        "result": {
          "status": "passed"
        }
      },
      {
        "arguments": [],
        "keyword": "假如",
        "line": 6,
        "name": "浏览到网站 \"http://uliancloudtest.uovcloud.com/index.html\"",
        "match": {
          "location": "step_definitions\\loginTest.js:7"
        },
        "result": {
          "status": "passed",
          "duration": 197000000
        }
      },
      {
        "arguments": [],
        "keyword": "当",
        "line": 7,
        "name": "在登录名一栏输入\"tester1\"并点击其他位置",
        "match": {
          "location": "step_definitions\\loginTest.js:13"
        },
        "result": {
          "status": "passed",
          "duration": 267000000
        }
      },
      {
        "arguments": [],
        "keyword": "而且",
        "line": 8,
        "name": "在密码处，输入\"uovisiontest123\"并点击其他位置",
        "match": {
          "location": "step_definitions\\loginTest.js:17"
        },
        "result": {
          "status": "passed",
          "duration": 347000000
        }
      },
      {
        "arguments": [],
        "keyword": "而且",
        "line": 9,
        "name": "点击登录按钮",
        "match": {
          "location": "step_definitions\\loginTest.js:21"
        },
        "result": {
          "status": "passed",
          "duration": 81000000
        }
      },
      {
        "arguments": [],
        "keyword": "* ",
        "line": 10,
        "name": "当前状态码为\"200\"弹出的提示信息\"\"",
        "match": {
          "location": "step_definitions\\loginTest.js:26"
        },
        "result": {
          "status": "passed"
        }
      },
      {
        "keyword": "After",
        "hidden": true,
        "match": {
          "location": "support\\hooks.js:12"
        },
        "result": {
          "status": "passed",
          "duration": 801000000
        },
        "embeddings": [
          {
            "data": "file://中云测试_2019-08-24_report/3.png",
            "mime_type": "image/png"
          }
        ]
      }
    ]
  }
}{
  "scenario": {
    "uri": "feature1.feature",
    "id": "登录测试;打开首页,并登录",
    "keyword": "场景",
    "line": 16,
    "name": "打开首页,并登录",
    "tags": [],
    "type": "scenario",
    "result": {
      "duration": 1645,
      "status": "passed"
    },
    "steps": [
      {
        "keyword": "Before",
        "hidden": true,
        "match": {
          "location": "support\\hooks.js:8"
        },
        "result": {
          "status": "passed"
        }
      },
      {
        "arguments": [],
        "keyword": "假如",
        "line": 6,
        "name": "浏览到网站 \"http://uliancloudtest.uovcloud.com/index.html\"",
        "match": {
          "location": "step_definitions\\loginTest.js:7"
        },
        "result": {
          "status": "passed",
          "duration": 212000000
        }
      },
      {
        "arguments": [],
        "keyword": "当",
        "line": 7,
        "name": "在登录名一栏输入\"tester1\"并点击其他位置",
        "match": {
          "location": "step_definitions\\loginTest.js:13"
        },
        "result": {
          "status": "passed",
          "duration": 225000000
        }
      },
      {
        "arguments": [],
        "keyword": "而且",
        "line": 8,
        "name": "在密码处，输入\"12345\"并点击其他位置",
        "match": {
          "location": "step_definitions\\loginTest.js:17"
        },
        "result": {
          "status": "passed",
          "duration": 253000000
        }
      },
      {
        "arguments": [],
        "keyword": "而且",
        "line": 9,
        "name": "点击登录按钮",
        "match": {
          "location": "step_definitions\\loginTest.js:21"
        },
        "result": {
          "status": "passed",
          "duration": 102000000
        }
      },
      {
        "arguments": [],
        "keyword": "* ",
        "line": 10,
        "name": "当前状态码为\"400\"弹出的提示信息\"Invalid username/email or password.\"",
        "match": {
          "location": "step_definitions\\loginTest.js:26"
        },
        "result": {
          "status": "passed",
          "duration": 1000000
        }
      },
      {
        "keyword": "After",
        "hidden": true,
        "match": {
          "location": "support\\hooks.js:12"
        },
        "result": {
          "status": "passed",
          "duration": 852000000
        },
        "embeddings": [
          {
            "data": "file://中云测试_2019-08-24_report/4.png",
            "mime_type": "image/png"
          }
        ]
      }
    ]
  }
}{
  "scenario": {
    "uri": "feature1.feature",
    "id": "登录测试;打开首页,并登录",
    "keyword": "场景",
    "line": 17,
    "name": "打开首页,并登录",
    "tags": [],
    "type": "scenario",
    "result": {
      "duration": 1173,
      "status": "passed"
    },
    "steps": [
      {
        "keyword": "Before",
        "hidden": true,
        "match": {
          "location": "support\\hooks.js:8"
        },
        "result": {
          "status": "passed"
        }
      },
      {
        "arguments": [],
        "keyword": "假如",
        "line": 6,
        "name": "浏览到网站 \"http://uliancloudtest.uovcloud.com/index.html\"",
        "match": {
          "location": "step_definitions\\loginTest.js:7"
        },
        "result": {
          "status": "passed",
          "duration": 154000000
        }
      },
      {
        "arguments": [],
        "keyword": "当",
        "line": 7,
        "name": "在登录名一栏输入\"\"并点击其他位置",
        "match": {
          "location": "step_definitions\\loginTest.js:13"
        },
        "result": {
          "status": "passed",
          "duration": 156000000
        }
      },
      {
        "arguments": [],
        "keyword": "而且",
        "line": 8,
        "name": "在密码处，输入\"uovisiontest123\"并点击其他位置",
        "match": {
          "location": "step_definitions\\loginTest.js:17"
        },
        "result": {
          "status": "passed",
          "duration": 145000000
        }
      },
      {
        "arguments": [],
        "keyword": "而且",
        "line": 9,
        "name": "点击登录按钮",
        "match": {
          "location": "step_definitions\\loginTest.js:21"
        },
        "result": {
          "status": "passed",
          "duration": 125000000
        }
      },
      {
        "arguments": [],
        "keyword": "* ",
        "line": 10,
        "name": "当前状态码为\"500\"弹出的提示信息\"Registered username/Email and password field is required.\"",
        "match": {
          "location": "step_definitions\\loginTest.js:26"
        },
        "result": {
          "status": "passed"
        }
      },
      {
        "keyword": "After",
        "hidden": true,
        "match": {
          "location": "support\\hooks.js:12"
        },
        "result": {
          "status": "passed",
          "duration": 593000000
        },
        "embeddings": [
          {
            "data": "file://中云测试_2019-08-24_report/5.png",
            "mime_type": "image/png"
          }
        ]
      }
    ]
  }
}{
  "scenario": {
    "uri": "feature1.feature",
    "id": "登录测试;打开首页,并登录",
    "keyword": "场景",
    "line": 18,
    "name": "打开首页,并登录",
    "tags": [],
    "type": "scenario",
    "result": {
      "duration": 1349,
      "status": "passed"
    },
    "steps": [
      {
        "keyword": "Before",
        "hidden": true,
        "match": {
          "location": "support\\hooks.js:8"
        },
        "result": {
          "status": "passed"
        }
      },
      {
        "arguments": [],
        "keyword": "假如",
        "line": 6,
        "name": "浏览到网站 \"http://uliancloudtest.uovcloud.com/index.html\"",
        "match": {
          "location": "step_definitions\\loginTest.js:7"
        },
        "result": {
          "status": "passed",
          "duration": 117000000
        }
      },
      {
        "arguments": [],
        "keyword": "当",
        "line": 7,
        "name": "在登录名一栏输入\"uovision020@163.com\"并点击其他位置",
        "match": {
          "location": "step_definitions\\loginTest.js:13"
        },
        "result": {
          "status": "passed",
          "duration": 369000000
        }
      },
      {
        "arguments": [],
        "keyword": "而且",
        "line": 8,
        "name": "在密码处，输入\"\"并点击其他位置",
        "match": {
          "location": "step_definitions\\loginTest.js:17"
        },
        "result": {
          "status": "passed",
          "duration": 126000000
        }
      },
      {
        "arguments": [],
        "keyword": "而且",
        "line": 9,
        "name": "点击登录按钮",
        "match": {
          "location": "step_definitions\\loginTest.js:21"
        },
        "result": {
          "status": "passed",
          "duration": 90000000
        }
      },
      {
        "arguments": [],
        "keyword": "* ",
        "line": 10,
        "name": "当前状态码为\"500\"弹出的提示信息\"Registered username/Email and password field is required.\"",
        "match": {
          "location": "step_definitions\\loginTest.js:26"
        },
        "result": {
          "status": "passed",
          "duration": 1000000
        }
      },
      {
        "keyword": "After",
        "hidden": true,
        "match": {
          "location": "support\\hooks.js:12"
        },
        "result": {
          "status": "passed",
          "duration": 646000000
        },
        "embeddings": [
          {
            "data": "file://中云测试_2019-08-24_report/6.png",
            "mime_type": "image/png"
          }
        ]
      }
    ]
  }
}{
  "scenario": {
    "uri": "feature1.feature",
    "id": "登录测试;打开首页,并登录",
    "keyword": "场景",
    "line": 19,
    "name": "打开首页,并登录",
    "tags": [],
    "type": "scenario",
    "result": {
      "duration": 1190,
      "status": "passed"
    },
    "steps": [
      {
        "keyword": "Before",
        "hidden": true,
        "match": {
          "location": "support\\hooks.js:8"
        },
        "result": {
          "status": "passed"
        }
      },
      {
        "arguments": [],
        "keyword": "假如",
        "line": 6,
        "name": "浏览到网站 \"http://uliancloudtest.uovcloud.com/index.html\"",
        "match": {
          "location": "step_definitions\\loginTest.js:7"
        },
        "result": {
          "status": "passed",
          "duration": 142000000
        }
      },
      {
        "arguments": [],
        "keyword": "当",
        "line": 7,
        "name": "在登录名一栏输入\"tester1\"并点击其他位置",
        "match": {
          "location": "step_definitions\\loginTest.js:13"
        },
        "result": {
          "status": "passed",
          "duration": 235000000
        }
      },
      {
        "arguments": [],
        "keyword": "而且",
        "line": 8,
        "name": "在密码处，输入\"\"并点击其他位置",
        "match": {
          "location": "step_definitions\\loginTest.js:17"
        },
        "result": {
          "status": "passed",
          "duration": 189000000
        }
      },
      {
        "arguments": [],
        "keyword": "而且",
        "line": 9,
        "name": "点击登录按钮",
        "match": {
          "location": "step_definitions\\loginTest.js:21"
        },
        "result": {
          "status": "passed",
          "duration": 57000000
        }
      },
      {
        "arguments": [],
        "keyword": "* ",
        "line": 10,
        "name": "当前状态码为\"500\"弹出的提示信息\"Registered username/Email and password field is required.\"",
        "match": {
          "location": "step_definitions\\loginTest.js:26"
        },
        "result": {
          "status": "passed",
          "duration": 2000000
        }
      },
      {
        "keyword": "After",
        "hidden": true,
        "match": {
          "location": "support\\hooks.js:12"
        },
        "result": {
          "status": "passed",
          "duration": 565000000
        },
        "embeddings": [
          {
            "data": "file://中云测试_2019-08-24_report/7.png",
            "mime_type": "image/png"
          }
        ]
      }
    ]
  }
}{
  "scenario": {
    "uri": "feature1.feature",
    "id": "登录测试;打开首页,并登录",
    "keyword": "场景",
    "line": 20,
    "name": "打开首页,并登录",
    "tags": [],
    "type": "scenario",
    "result": {
      "duration": 1093,
      "status": "passed"
    },
    "steps": [
      {
        "keyword": "Before",
        "hidden": true,
        "match": {
          "location": "support\\hooks.js:8"
        },
        "result": {
          "status": "passed"
        }
      },
      {
        "arguments": [],
        "keyword": "假如",
        "line": 6,
        "name": "浏览到网站 \"http://uliancloudtest.uovcloud.com/index.html\"",
        "match": {
          "location": "step_definitions\\loginTest.js:7"
        },
        "result": {
          "status": "passed",
          "duration": 167000000
        }
      },
      {
        "arguments": [],
        "keyword": "当",
        "line": 7,
        "name": "在登录名一栏输入\"\"并点击其他位置",
        "match": {
          "location": "step_definitions\\loginTest.js:13"
        },
        "result": {
          "status": "passed",
          "duration": 140000000
        }
      },
      {
        "arguments": [],
        "keyword": "而且",
        "line": 8,
        "name": "在密码处，输入\"\"并点击其他位置",
        "match": {
          "location": "step_definitions\\loginTest.js:17"
        },
        "result": {
          "status": "passed",
          "duration": 70000000
        }
      },
      {
        "arguments": [],
        "keyword": "而且",
        "line": 9,
        "name": "点击登录按钮",
        "match": {
          "location": "step_definitions\\loginTest.js:21"
        },
        "result": {
          "status": "passed",
          "duration": 73000000
        }
      },
      {
        "arguments": [],
        "keyword": "* ",
        "line": 10,
        "name": "当前状态码为\"500\"弹出的提示信息\"Registered username/Email and password field is required.\"",
        "match": {
          "location": "step_definitions\\loginTest.js:26"
        },
        "result": {
          "status": "passed",
          "duration": 1000000
        }
      },
      {
        "keyword": "After",
        "hidden": true,
        "match": {
          "location": "support\\hooks.js:12"
        },
        "result": {
          "status": "passed",
          "duration": 642000000
        },
        "embeddings": [
          {
            "data": "file://中云测试_2019-08-24_report/8.png",
            "mime_type": "image/png"
          }
        ]
      }
    ]
  }
}{
  "scenario": {
    "uri": "feature1.feature",
    "id": "登录测试;打开首页,并登录",
    "keyword": "场景",
    "line": 21,
    "name": "打开首页,并登录",
    "tags": [],
    "type": "scenario",
    "result": {
      "duration": 1452,
      "status": "passed"
    },
    "steps": [
      {
        "keyword": "Before",
        "hidden": true,
        "match": {
          "location": "support\\hooks.js:8"
        },
        "result": {
          "status": "passed"
        }
      },
      {
        "arguments": [],
        "keyword": "假如",
        "line": 6,
        "name": "浏览到网站 \"http://uliancloudtest.uovcloud.com/index.html\"",
        "match": {
          "location": "step_definitions\\loginTest.js:7"
        },
        "result": {
          "status": "passed",
          "duration": 128000000
        }
      },
      {
        "arguments": [],
        "keyword": "当",
        "line": 7,
        "name": "在登录名一栏输入\"te123123123123123\"并点击其他位置",
        "match": {
          "location": "step_definitions\\loginTest.js:13"
        },
        "result": {
          "status": "passed",
          "duration": 318000000
        }
      },
      {
        "arguments": [],
        "keyword": "而且",
        "line": 8,
        "name": "在密码处，输入\"uovisiontest123\"并点击其他位置",
        "match": {
          "location": "step_definitions\\loginTest.js:17"
        },
        "result": {
          "status": "passed",
          "duration": 175000000
        }
      },
      {
        "arguments": [],
        "keyword": "而且",
        "line": 9,
        "name": "点击登录按钮",
        "match": {
          "location": "step_definitions\\loginTest.js:21"
        },
        "result": {
          "status": "passed",
          "duration": 56000000
        }
      },
      {
        "arguments": [],
        "keyword": "* ",
        "line": 10,
        "name": "当前状态码为\"400\"弹出的提示信息\"Invalid username/email or password.\"",
        "match": {
          "location": "step_definitions\\loginTest.js:26"
        },
        "result": {
          "status": "passed"
        }
      },
      {
        "keyword": "After",
        "hidden": true,
        "match": {
          "location": "support\\hooks.js:12"
        },
        "result": {
          "status": "passed",
          "duration": 775000000
        },
        "embeddings": [
          {
            "data": "file://中云测试_2019-08-24_report/9.png",
            "mime_type": "image/png"
          }
        ]
      }
    ]
  }
}